0 info it worked if it ends with ok
1 verbose cli [ '/home/innoeye/.nvm/versions/node/v5.0.0/bin/node',
1 verbose cli   '/home/innoeye/.nvm/versions/node/v5.0.0/bin/npm',
1 verbose cli   'start' ]
2 info using npm@3.3.6
3 info using node@v5.0.0
4 verbose run-script [ 'prestart', 'start', 'poststart' ]
5 info lifecycle angular-mean2@1.0.0~prestart: angular-mean2@1.0.0
6 silly lifecycle angular-mean2@1.0.0~prestart: no script for prestart, continuing
7 info lifecycle angular-mean2@1.0.0~start: angular-mean2@1.0.0
8 verbose lifecycle angular-mean2@1.0.0~start: unsafe-perm in lifecycle true
9 verbose lifecycle angular-mean2@1.0.0~start: PATH: /home/innoeye/.nvm/versions/node/v5.0.0/lib/node_modules/npm/bin/node-gyp-bin:/home/innoeye/newTeck/mean2Demo/client/node_modules/.bin:/home/innoeye/.nvm/versions/node/v5.0.0/bin:/usr/local/sbin:/usr/local/bin:/usr/sbin:/usr/bin:/sbin:/bin:/usr/games:/usr/local/games:/usr/lib/oracle/xe/app/oracle/product/10.2.0/server/bin:/usr/lib/oracle/xe/app/oracle/product/10.2.0/server/bin
10 verbose lifecycle angular-mean2@1.0.0~start: CWD: /home/innoeye/newTeck/mean2Demo/client
11 silly lifecycle angular-mean2@1.0.0~start: Args: [ '-c', 'tsc && concurrently "tsc -w" "lite-server" ' ]
12 silly lifecycle angular-mean2@1.0.0~start: Returned: code: 2  signal: null
13 info lifecycle angular-mean2@1.0.0~start: Failed to exec start script
14 verbose stack Error: angular-mean2@1.0.0 start: `tsc && concurrently "tsc -w" "lite-server" `
14 verbose stack Exit status 2
14 verbose stack     at EventEmitter.<anonymous> (/home/innoeye/.nvm/versions/node/v5.0.0/lib/node_modules/npm/lib/utils/lifecycle.js:233:16)
14 verbose stack     at emitTwo (events.js:87:13)
14 verbose stack     at EventEmitter.emit (events.js:172:7)
14 verbose stack     at ChildProcess.<anonymous> (/home/innoeye/.nvm/versions/node/v5.0.0/lib/node_modules/npm/lib/utils/spawn.js:24:14)
14 verbose stack     at emitTwo (events.js:87:13)
14 verbose stack     at ChildProcess.emit (events.js:172:7)
14 verbose stack     at maybeClose (internal/child_process.js:818:16)
14 verbose stack     at Process.ChildProcess._handle.onexit (internal/child_process.js:211:5)
15 verbose pkgid angular-mean2@1.0.0
16 verbose cwd /home/innoeye/newTeck/mean2Demo/client
17 error Linux 3.13.0-24-generic
18 error argv "/home/innoeye/.nvm/versions/node/v5.0.0/bin/node" "/home/innoeye/.nvm/versions/node/v5.0.0/bin/npm" "start"
19 error node v5.0.0
20 error npm  v3.3.6
21 error code ELIFECYCLE
22 error angular-mean2@1.0.0 start: `tsc && concurrently "tsc -w" "lite-server" `
22 error Exit status 2
23 error Failed at the angular-mean2@1.0.0 start script 'tsc && concurrently "tsc -w" "lite-server" '.
23 error This is most likely a problem with the angular-mean2 package,
23 error not with npm itself.
23 error Tell the author that this fails on your system:
23 error     tsc && concurrently "tsc -w" "lite-server"
23 error You can get their info via:
23 error     npm owner ls angular-mean2
23 error There is likely additional logging output above.
24 verbose exit [ 1, true ]
